DEALER: shuffles deck
PLAYER 1: hand 8
PLAYER 2: hand 11
PLAYER 3: hand 8
PLAYER 1: hand 8
PLAYER 1: draws 14
PLAYER 1: discards 14
13 5 5 11 14 4 2 13 10 9 10 3 8 10 5 6 7 10 2 8 12 4 9 3 6 5 6 14 13 14 13 12 2 9 12 3 11 7 12 3 9 2 4 7 6 11 7 4 14 
PLAYER 2: hand 11
PLAYER 2: draws 13
PLAYER 2: discards 13
5 5 11 14 4 2 13 10 9 10 3 8 10 5 6 7 10 2 8 12 4 9 3 6 5 6 14 13 14 13 12 2 9 12 3 11 7 12 3 9 2 4 7 6 11 7 4 14 13 
PLAYER 3: hand 8
PLAYER 3: draws 5
PLAYER 3: discards 5
5 11 14 4 2 13 10 9 10 3 8 10 5 6 7 10 2 8 12 4 9 3 6 5 6 14 13 14 13 12 2 9 12 3 11 7 12 3 9 2 4 7 6 11 7 4 14 13 5 
PLAYER 1: hand 8
PLAYER 1: draws 5
PLAYER 1: discards 5
11 14 4 2 13 10 9 10 3 8 10 5 6 7 10 2 8 12 4 9 3 6 5 6 14 13 14 13 12 2 9 12 3 11 7 12 3 9 2 4 7 6 11 7 4 14 13 5 5 
PLAYER 2: hand 11
PLAYER 2: draws 11
PLAYER 2: wins
PLAYER 2: round completed
PLAYER 3: round completed
PLAYER 1: round completed
DEALER: shuffles deck
PLAYER 1: hand 2
PLAYER 2: hand 4
PLAYER 3: hand 14
PLAYER 2: hand 4
PLAYER 2: draws 11
PLAYER 2: discards 11
13 3 2 9 3 8 13 7 6 3 12 5 4 6 9 13 10 11 3 5 9 12 7 10 8 9 4 6 10 14 5 6 10 8 13 11 12 7 7 11 4 14 2 14 12 2 5 8 11 
PLAYER 3: hand 14
PLAYER 3: draws 13
PLAYER 3: discards 13
3 2 9 3 8 13 7 6 3 12 5 4 6 9 13 10 11 3 5 9 12 7 10 8 9 4 6 10 14 5 6 10 8 13 11 12 7 7 11 4 14 2 14 12 2 5 8 11 13 
PLAYER 1: hand 2
PLAYER 1: draws 3
PLAYER 1: discards 2
2 9 3 8 13 7 6 3 12 5 4 6 9 13 10 11 3 5 9 12 7 10 8 9 4 6 10 14 5 6 10 8 13 11 12 7 7 11 4 14 2 14 12 2 5 8 11 13 2 
PLAYER 2: hand 4
PLAYER 2: draws 2
PLAYER 2: discards 4
9 3 8 13 7 6 3 12 5 4 6 9 13 10 11 3 5 9 12 7 10 8 9 4 6 10 14 5 6 10 8 13 11 12 7 7 11 4 14 2 14 12 2 5 8 11 13 2 4 
PLAYER 3: hand 14
PLAYER 3: draws 9
PLAYER 3: discards 14
3 8 13 7 6 3 12 5 4 6 9 13 10 11 3 5 9 12 7 10 8 9 4 6 10 14 5 6 10 8 13 11 12 7 7 11 4 14 2 14 12 2 5 8 11 13 2 4 14 
PLAYER 1: hand 3
PLAYER 1: draws 3
PLAYER 1: wins
PLAYER 1: round completed
PLAYER 2: round completed
PLAYER 3: round completed
DEALER: shuffles deck
PLAYER 1: hand 6
PLAYER 2: hand 14
PLAYER 3: hand 7
PLAYER 3: hand 7
PLAYER 3: draws 11
PLAYER 3: discards 7
9 14 10 10 13 6 12 6 12 13 12 7 9 12 4 8 2 5 5 7 2 10 9 14 3 4 13 9 3 14 2 7 5 8 6 11 11 3 2 11 4 10 4 8 5 3 13 8 7 
PLAYER 1: hand 6
PLAYER 1: draws 9
PLAYER 1: discards 6
14 10 10 13 6 12 6 12 13 12 7 9 12 4 8 2 5 5 7 2 10 9 14 3 4 13 9 3 14 2 7 5 8 6 11 11 3 2 11 4 10 4 8 5 3 13 8 7 6 
PLAYER 2: hand 14
PLAYER 2: draws 14
PLAYER 2: wins
PLAYER 2: round completed
PLAYER 3: round completed
PLAYER 1: round completed
